CRITICAL - 2022-06-12 02:31:13 --> Invalid file: layout/tememaile.php
in SYSTEMPATH/Exceptions/FrameworkException.php on line 33.
 1 SYSTEMPATH/View/View.php(201): CodeIgniter\Exceptions\FrameworkException::forInvalidFile()
 2 SYSTEMPATH/Common.php(1135): CodeIgniter\View\View->render()
 3 APPPATH/Controllers/Home.php(21): view()
 4 SYSTEMPATH/CodeIgniter.php(898): App\Controllers\Home->index()
 5 SYSTEMPATH/CodeIgniter.php(468): CodeIgniter\CodeIgniter->runController()
 6 SYSTEMPATH/CodeIgniter.php(351): CodeIgniter\CodeIgniter->handleRequest()
 7 FCPATH/index.php(55): CodeIgniter\CodeIgniter->run()
 8 SYSTEMPATH/Commands/Server/rewrite.php(43): require_once('FCPATH/index.php')
CRITICAL - 2022-06-12 06:59:16 --> Invalid file: contact.php
in SYSTEMPATH/Exceptions/FrameworkException.php on line 33.
 1 SYSTEMPATH/View/View.php(201): CodeIgniter\Exceptions\FrameworkException::forInvalidFile()
 2 SYSTEMPATH/Common.php(1135): CodeIgniter\View\View->render()
 3 APPPATH/Controllers/Login.php(16): view()
 4 SYSTEMPATH/CodeIgniter.php(898): App\Controllers\Login->index()
 5 SYSTEMPATH/CodeIgniter.php(468): CodeIgniter\CodeIgniter->runController()
 6 SYSTEMPATH/CodeIgniter.php(351): CodeIgniter\CodeIgniter->handleRequest()
 7 FCPATH/index.php(55): CodeIgniter\CodeIgniter->run()
 8 SYSTEMPATH/Commands/Server/rewrite.php(43): require_once('FCPATH/index.php')
ERROR - 2022-06-12 07:45:27 --> Unknown column 'user_email' in 'where clause'
CRITICAL - 2022-06-12 07:45:27 --> Unknown column 'user_email' in 'where clause'
in SYSTEMPATH/Database/MySQLi/Connection.php on line 292.
 1 SYSTEMPATH/Database/MySQLi/Connection.php(292): mysqli->query()
 2 SYSTEMPATH/Database/BaseConnection.php(678): CodeIgniter\Database\MySQLi\Connection->execute()
 3 SYSTEMPATH/Database/BaseConnection.php(606): CodeIgniter\Database\BaseConnection->simpleQuery()
 4 SYSTEMPATH/Database/BaseBuilder.php(1585): CodeIgniter\Database\BaseConnection->query()
 5 SYSTEMPATH/Model.php(249): CodeIgniter\Database\BaseBuilder->get()
 6 SYSTEMPATH/BaseModel.php(622): CodeIgniter\Model->doFirst()
 7 APPPATH/Controllers/Login.php(20): CodeIgniter\BaseModel->first()
 8 SYSTEMPATH/CodeIgniter.php(898): App\Controllers\Login->auth()
 9 SYSTEMPATH/CodeIgniter.php(468): CodeIgniter\CodeIgniter->runController()
10 SYSTEMPATH/CodeIgniter.php(351): CodeIgniter\CodeIgniter->handleRequest()
11 FCPATH/index.php(55): CodeIgniter\CodeIgniter->run()
12 SYSTEMPATH/Commands/Server/rewrite.php(43): require_once('FCPATH/index.php')
ERROR - 2022-06-12 07:59:00 --> Unknown column 'user_email' in 'where clause'
CRITICAL - 2022-06-12 07:59:00 --> Unknown column 'user_email' in 'where clause'
in SYSTEMPATH/Database/MySQLi/Connection.php on line 292.
 1 SYSTEMPATH/Database/MySQLi/Connection.php(292): mysqli->query()
 2 SYSTEMPATH/Database/BaseConnection.php(678): CodeIgniter\Database\MySQLi\Connection->execute()
 3 SYSTEMPATH/Database/BaseConnection.php(606): CodeIgniter\Database\BaseConnection->simpleQuery()
 4 SYSTEMPATH/Database/BaseBuilder.php(1585): CodeIgniter\Database\BaseConnection->query()
 5 SYSTEMPATH/Model.php(249): CodeIgniter\Database\BaseBuilder->get()
 6 SYSTEMPATH/BaseModel.php(622): CodeIgniter\Model->doFirst()
 7 APPPATH/Controllers/Login.php(20): CodeIgniter\BaseModel->first()
 8 SYSTEMPATH/CodeIgniter.php(898): App\Controllers\Login->auth()
 9 SYSTEMPATH/CodeIgniter.php(468): CodeIgniter\CodeIgniter->runController()
10 SYSTEMPATH/CodeIgniter.php(351): CodeIgniter\CodeIgniter->handleRequest()
11 FCPATH/index.php(55): CodeIgniter\CodeIgniter->run()
12 SYSTEMPATH/Commands/Server/rewrite.php(43): require_once('FCPATH/index.php')
CRITICAL - 2022-06-12 19:49:22 --> Password tidak boleh kosong is not a valid rule.
in SYSTEMPATH/Validation/Validation.php on line 314.
 1 SYSTEMPATH/Validation/Validation.php(314): CodeIgniter\Validation\Exceptions\ValidationException::forRuleNotFound()
 2 SYSTEMPATH/Validation/Validation.php(173): CodeIgniter\Validation\Validation->processRules()
 3 APPPATH/Controllers/Auth.php(16): CodeIgniter\Validation\Validation->run()
 4 SYSTEMPATH/CodeIgniter.php(898): App\Controllers\Auth->login()
 5 SYSTEMPATH/CodeIgniter.php(468): CodeIgniter\CodeIgniter->runController()
 6 SYSTEMPATH/CodeIgniter.php(351): CodeIgniter\CodeIgniter->handleRequest()
 7 FCPATH/index.php(55): CodeIgniter\CodeIgniter->run()
 8 SYSTEMPATH/Commands/Server/rewrite.php(43): require_once('FCPATH/index.php')
CRITICAL - 2022-06-12 19:49:23 --> Password tidak boleh kosong is not a valid rule.
in SYSTEMPATH/Validation/Validation.php on line 314.
 1 SYSTEMPATH/Validation/Validation.php(314): CodeIgniter\Validation\Exceptions\ValidationException::forRuleNotFound()
 2 SYSTEMPATH/Validation/Validation.php(173): CodeIgniter\Validation\Validation->processRules()
 3 APPPATH/Controllers/Auth.php(16): CodeIgniter\Validation\Validation->run()
 4 SYSTEMPATH/CodeIgniter.php(898): App\Controllers\Auth->login()
 5 SYSTEMPATH/CodeIgniter.php(468): CodeIgniter\CodeIgniter->runController()
 6 SYSTEMPATH/CodeIgniter.php(351): CodeIgniter\CodeIgniter->handleRequest()
 7 FCPATH/index.php(55): CodeIgniter\CodeIgniter->run()
 8 SYSTEMPATH/Commands/Server/rewrite.php(43): require_once('FCPATH/index.php')
CRITICAL - 2022-06-12 19:49:31 --> Password tidak boleh kosong is not a valid rule.
in SYSTEMPATH/Validation/Validation.php on line 314.
 1 SYSTEMPATH/Validation/Validation.php(314): CodeIgniter\Validation\Exceptions\ValidationException::forRuleNotFound()
 2 SYSTEMPATH/Validation/Validation.php(173): CodeIgniter\Validation\Validation->processRules()
 3 APPPATH/Controllers/Auth.php(16): CodeIgniter\Validation\Validation->run()
 4 SYSTEMPATH/CodeIgniter.php(898): App\Controllers\Auth->login()
 5 SYSTEMPATH/CodeIgniter.php(468): CodeIgniter\CodeIgniter->runController()
 6 SYSTEMPATH/CodeIgniter.php(351): CodeIgniter\CodeIgniter->handleRequest()
 7 FCPATH/index.php(55): CodeIgniter\CodeIgniter->run()
 8 SYSTEMPATH/Commands/Server/rewrite.php(43): require_once('FCPATH/index.php')
CRITICAL - 2022-06-12 20:24:18 --> login is not a validation rules group.
in SYSTEMPATH/Validation/Validation.php on line 569.
 1 SYSTEMPATH/Validation/Validation.php(569): CodeIgniter\Validation\Exceptions\ValidationException::forGroupNotFound()
 2 SYSTEMPATH/Validation/Validation.php(123): CodeIgniter\Validation\Validation->loadRuleGroup()
 3 APPPATH/Controllers/Auth.php(16): CodeIgniter\Validation\Validation->run()
 4 SYSTEMPATH/CodeIgniter.php(898): App\Controllers\Auth->login()
 5 SYSTEMPATH/CodeIgniter.php(468): CodeIgniter\CodeIgniter->runController()
 6 SYSTEMPATH/CodeIgniter.php(351): CodeIgniter\CodeIgniter->handleRequest()
 7 FCPATH/index.php(55): CodeIgniter\CodeIgniter->run()
 8 SYSTEMPATH/Commands/Server/rewrite.php(43): require_once('FCPATH/index.php')
CRITICAL - 2022-06-12 21:00:42 --> valid_password is not a valid rule.
in SYSTEMPATH/Validation/Validation.php on line 314.
 1 SYSTEMPATH/Validation/Validation.php(314): CodeIgniter\Validation\Exceptions\ValidationException::forRuleNotFound()
 2 SYSTEMPATH/Validation/Validation.php(173): CodeIgniter\Validation\Validation->processRules()
 3 APPPATH/Controllers/Auth.php(16): CodeIgniter\Validation\Validation->run()
 4 SYSTEMPATH/CodeIgniter.php(898): App\Controllers\Auth->login()
 5 SYSTEMPATH/CodeIgniter.php(468): CodeIgniter\CodeIgniter->runController()
 6 SYSTEMPATH/CodeIgniter.php(351): CodeIgniter\CodeIgniter->handleRequest()
 7 FCPATH/index.php(55): CodeIgniter\CodeIgniter->run()
 8 SYSTEMPATH/Commands/Server/rewrite.php(43): require_once('FCPATH/index.php')
CRITICAL - 2022-06-12 21:00:43 --> valid_password is not a valid rule.
in SYSTEMPATH/Validation/Validation.php on line 314.
 1 SYSTEMPATH/Validation/Validation.php(314): CodeIgniter\Validation\Exceptions\ValidationException::forRuleNotFound()
 2 SYSTEMPATH/Validation/Validation.php(173): CodeIgniter\Validation\Validation->processRules()
 3 APPPATH/Controllers/Auth.php(16): CodeIgniter\Validation\Validation->run()
 4 SYSTEMPATH/CodeIgniter.php(898): App\Controllers\Auth->login()
 5 SYSTEMPATH/CodeIgniter.php(468): CodeIgniter\CodeIgniter->runController()
 6 SYSTEMPATH/CodeIgniter.php(351): CodeIgniter\CodeIgniter->handleRequest()
 7 FCPATH/index.php(55): CodeIgniter\CodeIgniter->run()
 8 SYSTEMPATH/Commands/Server/rewrite.php(43): require_once('FCPATH/index.php')
CRITICAL - 2022-06-12 21:00:43 --> valid_password is not a valid rule.
in SYSTEMPATH/Validation/Validation.php on line 314.
 1 SYSTEMPATH/Validation/Validation.php(314): CodeIgniter\Validation\Exceptions\ValidationException::forRuleNotFound()
 2 SYSTEMPATH/Validation/Validation.php(173): CodeIgniter\Validation\Validation->processRules()
 3 APPPATH/Controllers/Auth.php(16): CodeIgniter\Validation\Validation->run()
 4 SYSTEMPATH/CodeIgniter.php(898): App\Controllers\Auth->login()
 5 SYSTEMPATH/CodeIgniter.php(468): CodeIgniter\CodeIgniter->runController()
 6 SYSTEMPATH/CodeIgniter.php(351): CodeIgniter\CodeIgniter->handleRequest()
 7 FCPATH/index.php(55): CodeIgniter\CodeIgniter->run()
 8 SYSTEMPATH/Commands/Server/rewrite.php(43): require_once('FCPATH/index.php')
CRITICAL - 2022-06-12 21:03:28 --> valid_password is not a valid rule.
in SYSTEMPATH/Validation/Validation.php on line 314.
 1 SYSTEMPATH/Validation/Validation.php(314): CodeIgniter\Validation\Exceptions\ValidationException::forRuleNotFound()
 2 SYSTEMPATH/Validation/Validation.php(173): CodeIgniter\Validation\Validation->processRules()
 3 APPPATH/Controllers/Auth.php(16): CodeIgniter\Validation\Validation->run()
 4 SYSTEMPATH/CodeIgniter.php(898): App\Controllers\Auth->login()
 5 SYSTEMPATH/CodeIgniter.php(468): CodeIgniter\CodeIgniter->runController()
 6 SYSTEMPATH/CodeIgniter.php(351): CodeIgniter\CodeIgniter->handleRequest()
 7 FCPATH/index.php(55): CodeIgniter\CodeIgniter->run()
 8 SYSTEMPATH/Commands/Server/rewrite.php(43): require_once('FCPATH/index.php')
CRITICAL - 2022-06-12 21:03:29 --> valid_password is not a valid rule.
in SYSTEMPATH/Validation/Validation.php on line 314.
 1 SYSTEMPATH/Validation/Validation.php(314): CodeIgniter\Validation\Exceptions\ValidationException::forRuleNotFound()
 2 SYSTEMPATH/Validation/Validation.php(173): CodeIgniter\Validation\Validation->processRules()
 3 APPPATH/Controllers/Auth.php(16): CodeIgniter\Validation\Validation->run()
 4 SYSTEMPATH/CodeIgniter.php(898): App\Controllers\Auth->login()
 5 SYSTEMPATH/CodeIgniter.php(468): CodeIgniter\CodeIgniter->runController()
 6 SYSTEMPATH/CodeIgniter.php(351): CodeIgniter\CodeIgniter->handleRequest()
 7 FCPATH/index.php(55): CodeIgniter\CodeIgniter->run()
 8 SYSTEMPATH/Commands/Server/rewrite.php(43): require_once('FCPATH/index.php')
CRITICAL - 2022-06-12 21:23:29 --> valid_password is not a valid rule.
in SYSTEMPATH/Validation/Validation.php on line 314.
 1 SYSTEMPATH/Validation/Validation.php(314): CodeIgniter\Validation\Exceptions\ValidationException::forRuleNotFound()
 2 SYSTEMPATH/Validation/Validation.php(173): CodeIgniter\Validation\Validation->processRules()
 3 APPPATH/Controllers/Auth.php(16): CodeIgniter\Validation\Validation->run()
 4 SYSTEMPATH/CodeIgniter.php(898): App\Controllers\Auth->login()
 5 SYSTEMPATH/CodeIgniter.php(468): CodeIgniter\CodeIgniter->runController()
 6 SYSTEMPATH/CodeIgniter.php(351): CodeIgniter\CodeIgniter->handleRequest()
 7 FCPATH/index.php(55): CodeIgniter\CodeIgniter->run()
 8 SYSTEMPATH/Commands/Server/rewrite.php(43): require_once('FCPATH/index.php')
CRITICAL - 2022-06-12 21:23:30 --> valid_password is not a valid rule.
in SYSTEMPATH/Validation/Validation.php on line 314.
 1 SYSTEMPATH/Validation/Validation.php(314): CodeIgniter\Validation\Exceptions\ValidationException::forRuleNotFound()
 2 SYSTEMPATH/Validation/Validation.php(173): CodeIgniter\Validation\Validation->processRules()
 3 APPPATH/Controllers/Auth.php(16): CodeIgniter\Validation\Validation->run()
 4 SYSTEMPATH/CodeIgniter.php(898): App\Controllers\Auth->login()
 5 SYSTEMPATH/CodeIgniter.php(468): CodeIgniter\CodeIgniter->runController()
 6 SYSTEMPATH/CodeIgniter.php(351): CodeIgniter\CodeIgniter->handleRequest()
 7 FCPATH/index.php(55): CodeIgniter\CodeIgniter->run()
 8 SYSTEMPATH/Commands/Server/rewrite.php(43): require_once('FCPATH/index.php')
CRITICAL - 2022-06-12 21:23:30 --> valid_password is not a valid rule.
in SYSTEMPATH/Validation/Validation.php on line 314.
 1 SYSTEMPATH/Validation/Validation.php(314): CodeIgniter\Validation\Exceptions\ValidationException::forRuleNotFound()
 2 SYSTEMPATH/Validation/Validation.php(173): CodeIgniter\Validation\Validation->processRules()
 3 APPPATH/Controllers/Auth.php(16): CodeIgniter\Validation\Validation->run()
 4 SYSTEMPATH/CodeIgniter.php(898): App\Controllers\Auth->login()
 5 SYSTEMPATH/CodeIgniter.php(468): CodeIgniter\CodeIgniter->runController()
 6 SYSTEMPATH/CodeIgniter.php(351): CodeIgniter\CodeIgniter->handleRequest()
 7 FCPATH/index.php(55): CodeIgniter\CodeIgniter->run()
 8 SYSTEMPATH/Commands/Server/rewrite.php(43): require_once('FCPATH/index.php')
CRITICAL - 2022-06-12 21:23:30 --> valid_password is not a valid rule.
in SYSTEMPATH/Validation/Validation.php on line 314.
 1 SYSTEMPATH/Validation/Validation.php(314): CodeIgniter\Validation\Exceptions\ValidationException::forRuleNotFound()
 2 SYSTEMPATH/Validation/Validation.php(173): CodeIgniter\Validation\Validation->processRules()
 3 APPPATH/Controllers/Auth.php(16): CodeIgniter\Validation\Validation->run()
 4 SYSTEMPATH/CodeIgniter.php(898): App\Controllers\Auth->login()
 5 SYSTEMPATH/CodeIgniter.php(468): CodeIgniter\CodeIgniter->runController()
 6 SYSTEMPATH/CodeIgniter.php(351): CodeIgniter\CodeIgniter->handleRequest()
 7 FCPATH/index.php(55): CodeIgniter\CodeIgniter->run()
 8 SYSTEMPATH/Commands/Server/rewrite.php(43): require_once('FCPATH/index.php')
CRITICAL - 2022-06-12 21:23:30 --> valid_password is not a valid rule.
in SYSTEMPATH/Validation/Validation.php on line 314.
 1 SYSTEMPATH/Validation/Validation.php(314): CodeIgniter\Validation\Exceptions\ValidationException::forRuleNotFound()
 2 SYSTEMPATH/Validation/Validation.php(173): CodeIgniter\Validation\Validation->processRules()
 3 APPPATH/Controllers/Auth.php(16): CodeIgniter\Validation\Validation->run()
 4 SYSTEMPATH/CodeIgniter.php(898): App\Controllers\Auth->login()
 5 SYSTEMPATH/CodeIgniter.php(468): CodeIgniter\CodeIgniter->runController()
 6 SYSTEMPATH/CodeIgniter.php(351): CodeIgniter\CodeIgniter->handleRequest()
 7 FCPATH/index.php(55): CodeIgniter\CodeIgniter->run()
 8 SYSTEMPATH/Commands/Server/rewrite.php(43): require_once('FCPATH/index.php')
CRITICAL - 2022-06-12 21:27:37 --> valid_password is not a valid rule.
in SYSTEMPATH/Validation/Validation.php on line 314.
 1 SYSTEMPATH/Validation/Validation.php(314): CodeIgniter\Validation\Exceptions\ValidationException::forRuleNotFound()
 2 SYSTEMPATH/Validation/Validation.php(173): CodeIgniter\Validation\Validation->processRules()
 3 APPPATH/Controllers/Auth.php(16): CodeIgniter\Validation\Validation->run()
 4 SYSTEMPATH/CodeIgniter.php(898): App\Controllers\Auth->login()
 5 SYSTEMPATH/CodeIgniter.php(468): CodeIgniter\CodeIgniter->runController()
 6 SYSTEMPATH/CodeIgniter.php(351): CodeIgniter\CodeIgniter->handleRequest()
 7 FCPATH/index.php(55): CodeIgniter\CodeIgniter->run()
 8 SYSTEMPATH/Commands/Server/rewrite.php(43): require_once('FCPATH/index.php')
CRITICAL - 2022-06-12 21:27:38 --> valid_password is not a valid rule.
in SYSTEMPATH/Validation/Validation.php on line 314.
 1 SYSTEMPATH/Validation/Validation.php(314): CodeIgniter\Validation\Exceptions\ValidationException::forRuleNotFound()
 2 SYSTEMPATH/Validation/Validation.php(173): CodeIgniter\Validation\Validation->processRules()
 3 APPPATH/Controllers/Auth.php(16): CodeIgniter\Validation\Validation->run()
 4 SYSTEMPATH/CodeIgniter.php(898): App\Controllers\Auth->login()
 5 SYSTEMPATH/CodeIgniter.php(468): CodeIgniter\CodeIgniter->runController()
 6 SYSTEMPATH/CodeIgniter.php(351): CodeIgniter\CodeIgniter->handleRequest()
 7 FCPATH/index.php(55): CodeIgniter\CodeIgniter->run()
 8 SYSTEMPATH/Commands/Server/rewrite.php(43): require_once('FCPATH/index.php')
CRITICAL - 2022-06-12 22:03:43 --> valid_password is not a valid rule.
in SYSTEMPATH/Validation/Validation.php on line 314.
 1 SYSTEMPATH/Validation/Validation.php(314): CodeIgniter\Validation\Exceptions\ValidationException::forRuleNotFound()
 2 SYSTEMPATH/Validation/Validation.php(173): CodeIgniter\Validation\Validation->processRules()
 3 APPPATH/Controllers/Auth.php(16): CodeIgniter\Validation\Validation->run()
 4 SYSTEMPATH/CodeIgniter.php(898): App\Controllers\Auth->login()
 5 SYSTEMPATH/CodeIgniter.php(468): CodeIgniter\CodeIgniter->runController()
 6 SYSTEMPATH/CodeIgniter.php(351): CodeIgniter\CodeIgniter->handleRequest()
 7 FCPATH/index.php(55): CodeIgniter\CodeIgniter->run()
 8 SYSTEMPATH/Commands/Server/rewrite.php(43): require_once('FCPATH/index.php')
CRITICAL - 2022-06-12 22:03:44 --> valid_password is not a valid rule.
in SYSTEMPATH/Validation/Validation.php on line 314.
 1 SYSTEMPATH/Validation/Validation.php(314): CodeIgniter\Validation\Exceptions\ValidationException::forRuleNotFound()
 2 SYSTEMPATH/Validation/Validation.php(173): CodeIgniter\Validation\Validation->processRules()
 3 APPPATH/Controllers/Auth.php(16): CodeIgniter\Validation\Validation->run()
 4 SYSTEMPATH/CodeIgniter.php(898): App\Controllers\Auth->login()
 5 SYSTEMPATH/CodeIgniter.php(468): CodeIgniter\CodeIgniter->runController()
 6 SYSTEMPATH/CodeIgniter.php(351): CodeIgniter\CodeIgniter->handleRequest()
 7 FCPATH/index.php(55): CodeIgniter\CodeIgniter->run()
 8 SYSTEMPATH/Commands/Server/rewrite.php(43): require_once('FCPATH/index.php')
CRITICAL - 2022-06-12 22:03:45 --> valid_password is not a valid rule.
in SYSTEMPATH/Validation/Validation.php on line 314.
 1 SYSTEMPATH/Validation/Validation.php(314): CodeIgniter\Validation\Exceptions\ValidationException::forRuleNotFound()
 2 SYSTEMPATH/Validation/Validation.php(173): CodeIgniter\Validation\Validation->processRules()
 3 APPPATH/Controllers/Auth.php(16): CodeIgniter\Validation\Validation->run()
 4 SYSTEMPATH/CodeIgniter.php(898): App\Controllers\Auth->login()
 5 SYSTEMPATH/CodeIgniter.php(468): CodeIgniter\CodeIgniter->runController()
 6 SYSTEMPATH/CodeIgniter.php(351): CodeIgniter\CodeIgniter->handleRequest()
 7 FCPATH/index.php(55): CodeIgniter\CodeIgniter->run()
 8 SYSTEMPATH/Commands/Server/rewrite.php(43): require_once('FCPATH/index.php')
CRITICAL - 2022-06-12 22:03:47 --> valid_password is not a valid rule.
in SYSTEMPATH/Validation/Validation.php on line 314.
 1 SYSTEMPATH/Validation/Validation.php(314): CodeIgniter\Validation\Exceptions\ValidationException::forRuleNotFound()
 2 SYSTEMPATH/Validation/Validation.php(173): CodeIgniter\Validation\Validation->processRules()
 3 APPPATH/Controllers/Auth.php(16): CodeIgniter\Validation\Validation->run()
 4 SYSTEMPATH/CodeIgniter.php(898): App\Controllers\Auth->login()
 5 SYSTEMPATH/CodeIgniter.php(468): CodeIgniter\CodeIgniter->runController()
 6 SYSTEMPATH/CodeIgniter.php(351): CodeIgniter\CodeIgniter->handleRequest()
 7 FCPATH/index.php(55): CodeIgniter\CodeIgniter->run()
 8 SYSTEMPATH/Commands/Server/rewrite.php(43): require_once('FCPATH/index.php')
CRITICAL - 2022-06-12 22:03:48 --> valid_password is not a valid rule.
in SYSTEMPATH/Validation/Validation.php on line 314.
 1 SYSTEMPATH/Validation/Validation.php(314): CodeIgniter\Validation\Exceptions\ValidationException::forRuleNotFound()
 2 SYSTEMPATH/Validation/Validation.php(173): CodeIgniter\Validation\Validation->processRules()
 3 APPPATH/Controllers/Auth.php(16): CodeIgniter\Validation\Validation->run()
 4 SYSTEMPATH/CodeIgniter.php(898): App\Controllers\Auth->login()
 5 SYSTEMPATH/CodeIgniter.php(468): CodeIgniter\CodeIgniter->runController()
 6 SYSTEMPATH/CodeIgniter.php(351): CodeIgniter\CodeIgniter->handleRequest()
 7 FCPATH/index.php(55): CodeIgniter\CodeIgniter->run()
 8 SYSTEMPATH/Commands/Server/rewrite.php(43): require_once('FCPATH/index.php')
CRITICAL - 2022-06-12 22:06:37 --> valid_password is not a valid rule.
in SYSTEMPATH/Validation/Validation.php on line 314.
 1 SYSTEMPATH/Validation/Validation.php(314): CodeIgniter\Validation\Exceptions\ValidationException::forRuleNotFound()
 2 SYSTEMPATH/Validation/Validation.php(173): CodeIgniter\Validation\Validation->processRules()
 3 APPPATH/Controllers/Auth.php(16): CodeIgniter\Validation\Validation->run()
 4 SYSTEMPATH/CodeIgniter.php(898): App\Controllers\Auth->login()
 5 SYSTEMPATH/CodeIgniter.php(468): CodeIgniter\CodeIgniter->runController()
 6 SYSTEMPATH/CodeIgniter.php(351): CodeIgniter\CodeIgniter->handleRequest()
 7 FCPATH/index.php(55): CodeIgniter\CodeIgniter->run()
 8 SYSTEMPATH/Commands/Server/rewrite.php(43): require_once('FCPATH/index.php')
CRITICAL - 2022-06-12 22:07:42 --> valid_password is not a valid rule.
in SYSTEMPATH/Validation/Validation.php on line 314.
 1 SYSTEMPATH/Validation/Validation.php(314): CodeIgniter\Validation\Exceptions\ValidationException::forRuleNotFound()
 2 SYSTEMPATH/Validation/Validation.php(173): CodeIgniter\Validation\Validation->processRules()
 3 APPPATH/Controllers/Auth.php(16): CodeIgniter\Validation\Validation->run()
 4 SYSTEMPATH/CodeIgniter.php(898): App\Controllers\Auth->login()
 5 SYSTEMPATH/CodeIgniter.php(468): CodeIgniter\CodeIgniter->runController()
 6 SYSTEMPATH/CodeIgniter.php(351): CodeIgniter\CodeIgniter->handleRequest()
 7 FCPATH/index.php(55): CodeIgniter\CodeIgniter->run()
 8 SYSTEMPATH/Commands/Server/rewrite.php(43): require_once('FCPATH/index.php')
CRITICAL - 2022-06-12 22:12:56 --> valid_password is not a valid rule.
in SYSTEMPATH/Validation/Validation.php on line 314.
 1 SYSTEMPATH/Validation/Validation.php(314): CodeIgniter\Validation\Exceptions\ValidationException::forRuleNotFound()
 2 SYSTEMPATH/Validation/Validation.php(173): CodeIgniter\Validation\Validation->processRules()
 3 APPPATH/Controllers/Auth.php(16): CodeIgniter\Validation\Validation->run()
 4 SYSTEMPATH/CodeIgniter.php(898): App\Controllers\Auth->login()
 5 SYSTEMPATH/CodeIgniter.php(468): CodeIgniter\CodeIgniter->runController()
 6 SYSTEMPATH/CodeIgniter.php(351): CodeIgniter\CodeIgniter->handleRequest()
 7 FCPATH/index.php(55): CodeIgniter\CodeIgniter->run()
 8 SYSTEMPATH/Commands/Server/rewrite.php(43): require_once('FCPATH/index.php')
CRITICAL - 2022-06-12 22:12:57 --> valid_password is not a valid rule.
in SYSTEMPATH/Validation/Validation.php on line 314.
 1 SYSTEMPATH/Validation/Validation.php(314): CodeIgniter\Validation\Exceptions\ValidationException::forRuleNotFound()
 2 SYSTEMPATH/Validation/Validation.php(173): CodeIgniter\Validation\Validation->processRules()
 3 APPPATH/Controllers/Auth.php(16): CodeIgniter\Validation\Validation->run()
 4 SYSTEMPATH/CodeIgniter.php(898): App\Controllers\Auth->login()
 5 SYSTEMPATH/CodeIgniter.php(468): CodeIgniter\CodeIgniter->runController()
 6 SYSTEMPATH/CodeIgniter.php(351): CodeIgniter\CodeIgniter->handleRequest()
 7 FCPATH/index.php(55): CodeIgniter\CodeIgniter->run()
 8 SYSTEMPATH/Commands/Server/rewrite.php(43): require_once('FCPATH/index.php')
CRITICAL - 2022-06-12 22:12:58 --> valid_password is not a valid rule.
in SYSTEMPATH/Validation/Validation.php on line 314.
 1 SYSTEMPATH/Validation/Validation.php(314): CodeIgniter\Validation\Exceptions\ValidationException::forRuleNotFound()
 2 SYSTEMPATH/Validation/Validation.php(173): CodeIgniter\Validation\Validation->processRules()
 3 APPPATH/Controllers/Auth.php(16): CodeIgniter\Validation\Validation->run()
 4 SYSTEMPATH/CodeIgniter.php(898): App\Controllers\Auth->login()
 5 SYSTEMPATH/CodeIgniter.php(468): CodeIgniter\CodeIgniter->runController()
 6 SYSTEMPATH/CodeIgniter.php(351): CodeIgniter\CodeIgniter->handleRequest()
 7 FCPATH/index.php(55): CodeIgniter\CodeIgniter->run()
 8 SYSTEMPATH/Commands/Server/rewrite.php(43): require_once('FCPATH/index.php')
CRITICAL - 2022-06-12 22:17:57 --> valid_password is not a valid rule.
in SYSTEMPATH/Validation/Validation.php on line 314.
 1 SYSTEMPATH/Validation/Validation.php(314): CodeIgniter\Validation\Exceptions\ValidationException::forRuleNotFound()
 2 SYSTEMPATH/Validation/Validation.php(173): CodeIgniter\Validation\Validation->processRules()
 3 APPPATH/Controllers/Auth.php(16): CodeIgniter\Validation\Validation->run()
 4 SYSTEMPATH/CodeIgniter.php(898): App\Controllers\Auth->login()
 5 SYSTEMPATH/CodeIgniter.php(468): CodeIgniter\CodeIgniter->runController()
 6 SYSTEMPATH/CodeIgniter.php(351): CodeIgniter\CodeIgniter->handleRequest()
 7 FCPATH/index.php(55): CodeIgniter\CodeIgniter->run()
 8 SYSTEMPATH/Commands/Server/rewrite.php(43): require_once('FCPATH/index.php')
CRITICAL - 2022-06-12 22:17:58 --> valid_password is not a valid rule.
in SYSTEMPATH/Validation/Validation.php on line 314.
 1 SYSTEMPATH/Validation/Validation.php(314): CodeIgniter\Validation\Exceptions\ValidationException::forRuleNotFound()
 2 SYSTEMPATH/Validation/Validation.php(173): CodeIgniter\Validation\Validation->processRules()
 3 APPPATH/Controllers/Auth.php(16): CodeIgniter\Validation\Validation->run()
 4 SYSTEMPATH/CodeIgniter.php(898): App\Controllers\Auth->login()
 5 SYSTEMPATH/CodeIgniter.php(468): CodeIgniter\CodeIgniter->runController()
 6 SYSTEMPATH/CodeIgniter.php(351): CodeIgniter\CodeIgniter->handleRequest()
 7 FCPATH/index.php(55): CodeIgniter\CodeIgniter->run()
 8 SYSTEMPATH/Commands/Server/rewrite.php(43): require_once('FCPATH/index.php')
CRITICAL - 2022-06-12 22:17:59 --> valid_password is not a valid rule.
in SYSTEMPATH/Validation/Validation.php on line 314.
 1 SYSTEMPATH/Validation/Validation.php(314): CodeIgniter\Validation\Exceptions\ValidationException::forRuleNotFound()
 2 SYSTEMPATH/Validation/Validation.php(173): CodeIgniter\Validation\Validation->processRules()
 3 APPPATH/Controllers/Auth.php(16): CodeIgniter\Validation\Validation->run()
 4 SYSTEMPATH/CodeIgniter.php(898): App\Controllers\Auth->login()
 5 SYSTEMPATH/CodeIgniter.php(468): CodeIgniter\CodeIgniter->runController()
 6 SYSTEMPATH/CodeIgniter.php(351): CodeIgniter\CodeIgniter->handleRequest()
 7 FCPATH/index.php(55): CodeIgniter\CodeIgniter->run()
 8 SYSTEMPATH/Commands/Server/rewrite.php(43): require_once('FCPATH/index.php')
CRITICAL - 2022-06-12 22:17:59 --> valid_password is not a valid rule.
in SYSTEMPATH/Validation/Validation.php on line 314.
 1 SYSTEMPATH/Validation/Validation.php(314): CodeIgniter\Validation\Exceptions\ValidationException::forRuleNotFound()
 2 SYSTEMPATH/Validation/Validation.php(173): CodeIgniter\Validation\Validation->processRules()
 3 APPPATH/Controllers/Auth.php(16): CodeIgniter\Validation\Validation->run()
 4 SYSTEMPATH/CodeIgniter.php(898): App\Controllers\Auth->login()
 5 SYSTEMPATH/CodeIgniter.php(468): CodeIgniter\CodeIgniter->runController()
 6 SYSTEMPATH/CodeIgniter.php(351): CodeIgniter\CodeIgniter->handleRequest()
 7 FCPATH/index.php(55): CodeIgniter\CodeIgniter->run()
 8 SYSTEMPATH/Commands/Server/rewrite.php(43): require_once('FCPATH/index.php')
CRITICAL - 2022-06-12 22:17:59 --> valid_password is not a valid rule.
in SYSTEMPATH/Validation/Validation.php on line 314.
 1 SYSTEMPATH/Validation/Validation.php(314): CodeIgniter\Validation\Exceptions\ValidationException::forRuleNotFound()
 2 SYSTEMPATH/Validation/Validation.php(173): CodeIgniter\Validation\Validation->processRules()
 3 APPPATH/Controllers/Auth.php(16): CodeIgniter\Validation\Validation->run()
 4 SYSTEMPATH/CodeIgniter.php(898): App\Controllers\Auth->login()
 5 SYSTEMPATH/CodeIgniter.php(468): CodeIgniter\CodeIgniter->runController()
 6 SYSTEMPATH/CodeIgniter.php(351): CodeIgniter\CodeIgniter->handleRequest()
 7 FCPATH/index.php(55): CodeIgniter\CodeIgniter->run()
 8 SYSTEMPATH/Commands/Server/rewrite.php(43): require_once('FCPATH/index.php')
CRITICAL - 2022-06-12 22:18:00 --> valid_password is not a valid rule.
in SYSTEMPATH/Validation/Validation.php on line 314.
 1 SYSTEMPATH/Validation/Validation.php(314): CodeIgniter\Validation\Exceptions\ValidationException::forRuleNotFound()
 2 SYSTEMPATH/Validation/Validation.php(173): CodeIgniter\Validation\Validation->processRules()
 3 APPPATH/Controllers/Auth.php(16): CodeIgniter\Validation\Validation->run()
 4 SYSTEMPATH/CodeIgniter.php(898): App\Controllers\Auth->login()
 5 SYSTEMPATH/CodeIgniter.php(468): CodeIgniter\CodeIgniter->runController()
 6 SYSTEMPATH/CodeIgniter.php(351): CodeIgniter\CodeIgniter->handleRequest()
 7 FCPATH/index.php(55): CodeIgniter\CodeIgniter->run()
 8 SYSTEMPATH/Commands/Server/rewrite.php(43): require_once('FCPATH/index.php')
CRITICAL - 2022-06-12 22:18:01 --> valid_password is not a valid rule.
in SYSTEMPATH/Validation/Validation.php on line 314.
 1 SYSTEMPATH/Validation/Validation.php(314): CodeIgniter\Validation\Exceptions\ValidationException::forRuleNotFound()
 2 SYSTEMPATH/Validation/Validation.php(173): CodeIgniter\Validation\Validation->processRules()
 3 APPPATH/Controllers/Auth.php(16): CodeIgniter\Validation\Validation->run()
 4 SYSTEMPATH/CodeIgniter.php(898): App\Controllers\Auth->login()
 5 SYSTEMPATH/CodeIgniter.php(468): CodeIgniter\CodeIgniter->runController()
 6 SYSTEMPATH/CodeIgniter.php(351): CodeIgniter\CodeIgniter->handleRequest()
 7 FCPATH/index.php(55): CodeIgniter\CodeIgniter->run()
 8 SYSTEMPATH/Commands/Server/rewrite.php(43): require_once('FCPATH/index.php')
CRITICAL - 2022-06-12 22:18:03 --> valid_password is not a valid rule.
in SYSTEMPATH/Validation/Validation.php on line 314.
 1 SYSTEMPATH/Validation/Validation.php(314): CodeIgniter\Validation\Exceptions\ValidationException::forRuleNotFound()
 2 SYSTEMPATH/Validation/Validation.php(173): CodeIgniter\Validation\Validation->processRules()
 3 APPPATH/Controllers/Auth.php(16): CodeIgniter\Validation\Validation->run()
 4 SYSTEMPATH/CodeIgniter.php(898): App\Controllers\Auth->login()
 5 SYSTEMPATH/CodeIgniter.php(468): CodeIgniter\CodeIgniter->runController()
 6 SYSTEMPATH/CodeIgniter.php(351): CodeIgniter\CodeIgniter->handleRequest()
 7 FCPATH/index.php(55): CodeIgniter\CodeIgniter->run()
 8 SYSTEMPATH/Commands/Server/rewrite.php(43): require_once('FCPATH/index.php')
CRITICAL - 2022-06-12 22:18:04 --> valid_password is not a valid rule.
in SYSTEMPATH/Validation/Validation.php on line 314.
 1 SYSTEMPATH/Validation/Validation.php(314): CodeIgniter\Validation\Exceptions\ValidationException::forRuleNotFound()
 2 SYSTEMPATH/Validation/Validation.php(173): CodeIgniter\Validation\Validation->processRules()
 3 APPPATH/Controllers/Auth.php(16): CodeIgniter\Validation\Validation->run()
 4 SYSTEMPATH/CodeIgniter.php(898): App\Controllers\Auth->login()
 5 SYSTEMPATH/CodeIgniter.php(468): CodeIgniter\CodeIgniter->runController()
 6 SYSTEMPATH/CodeIgniter.php(351): CodeIgniter\CodeIgniter->handleRequest()
 7 FCPATH/index.php(55): CodeIgniter\CodeIgniter->run()
 8 SYSTEMPATH/Commands/Server/rewrite.php(43): require_once('FCPATH/index.php')
CRITICAL - 2022-06-12 22:18:12 --> valid_password is not a valid rule.
in SYSTEMPATH/Validation/Validation.php on line 314.
 1 SYSTEMPATH/Validation/Validation.php(314): CodeIgniter\Validation\Exceptions\ValidationException::forRuleNotFound()
 2 SYSTEMPATH/Validation/Validation.php(173): CodeIgniter\Validation\Validation->processRules()
 3 APPPATH/Controllers/Auth.php(16): CodeIgniter\Validation\Validation->run()
 4 SYSTEMPATH/CodeIgniter.php(898): App\Controllers\Auth->login()
 5 SYSTEMPATH/CodeIgniter.php(468): CodeIgniter\CodeIgniter->runController()
 6 SYSTEMPATH/CodeIgniter.php(351): CodeIgniter\CodeIgniter->handleRequest()
 7 FCPATH/index.php(55): CodeIgniter\CodeIgniter->run()
 8 SYSTEMPATH/Commands/Server/rewrite.php(43): require_once('FCPATH/index.php')
CRITICAL - 2022-06-12 23:13:49 --> valid_password is not a valid rule.
in SYSTEMPATH/Validation/Validation.php on line 314.
 1 SYSTEMPATH/Validation/Validation.php(314): CodeIgniter\Validation\Exceptions\ValidationException::forRuleNotFound()
 2 SYSTEMPATH/Validation/Validation.php(173): CodeIgniter\Validation\Validation->processRules()
 3 APPPATH/Controllers/Auth.php(16): CodeIgniter\Validation\Validation->run()
 4 SYSTEMPATH/CodeIgniter.php(898): App\Controllers\Auth->login()
 5 SYSTEMPATH/CodeIgniter.php(468): CodeIgniter\CodeIgniter->runController()
 6 SYSTEMPATH/CodeIgniter.php(351): CodeIgniter\CodeIgniter->handleRequest()
 7 FCPATH/index.php(55): CodeIgniter\CodeIgniter->run()
 8 SYSTEMPATH/Commands/Server/rewrite.php(43): require_once('FCPATH/index.php')
CRITICAL - 2022-06-12 23:13:50 --> valid_password is not a valid rule.
in SYSTEMPATH/Validation/Validation.php on line 314.
 1 SYSTEMPATH/Validation/Validation.php(314): CodeIgniter\Validation\Exceptions\ValidationException::forRuleNotFound()
 2 SYSTEMPATH/Validation/Validation.php(173): CodeIgniter\Validation\Validation->processRules()
 3 APPPATH/Controllers/Auth.php(16): CodeIgniter\Validation\Validation->run()
 4 SYSTEMPATH/CodeIgniter.php(898): App\Controllers\Auth->login()
 5 SYSTEMPATH/CodeIgniter.php(468): CodeIgniter\CodeIgniter->runController()
 6 SYSTEMPATH/CodeIgniter.php(351): CodeIgniter\CodeIgniter->handleRequest()
 7 FCPATH/index.php(55): CodeIgniter\CodeIgniter->run()
 8 SYSTEMPATH/Commands/Server/rewrite.php(43): require_once('FCPATH/index.php')
CRITICAL - 2022-06-12 23:13:51 --> valid_password is not a valid rule.
in SYSTEMPATH/Validation/Validation.php on line 314.
 1 SYSTEMPATH/Validation/Validation.php(314): CodeIgniter\Validation\Exceptions\ValidationException::forRuleNotFound()
 2 SYSTEMPATH/Validation/Validation.php(173): CodeIgniter\Validation\Validation->processRules()
 3 APPPATH/Controllers/Auth.php(16): CodeIgniter\Validation\Validation->run()
 4 SYSTEMPATH/CodeIgniter.php(898): App\Controllers\Auth->login()
 5 SYSTEMPATH/CodeIgniter.php(468): CodeIgniter\CodeIgniter->runController()
 6 SYSTEMPATH/CodeIgniter.php(351): CodeIgniter\CodeIgniter->handleRequest()
 7 FCPATH/index.php(55): CodeIgniter\CodeIgniter->run()
 8 SYSTEMPATH/Commands/Server/rewrite.php(43): require_once('FCPATH/index.php')
CRITICAL - 2022-06-12 23:13:51 --> valid_password is not a valid rule.
in SYSTEMPATH/Validation/Validation.php on line 314.
 1 SYSTEMPATH/Validation/Validation.php(314): CodeIgniter\Validation\Exceptions\ValidationException::forRuleNotFound()
 2 SYSTEMPATH/Validation/Validation.php(173): CodeIgniter\Validation\Validation->processRules()
 3 APPPATH/Controllers/Auth.php(16): CodeIgniter\Validation\Validation->run()
 4 SYSTEMPATH/CodeIgniter.php(898): App\Controllers\Auth->login()
 5 SYSTEMPATH/CodeIgniter.php(468): CodeIgniter\CodeIgniter->runController()
 6 SYSTEMPATH/CodeIgniter.php(351): CodeIgniter\CodeIgniter->handleRequest()
 7 FCPATH/index.php(55): CodeIgniter\CodeIgniter->run()
 8 SYSTEMPATH/Commands/Server/rewrite.php(43): require_once('FCPATH/index.php')
CRITICAL - 2022-06-12 23:13:51 --> valid_password is not a valid rule.
in SYSTEMPATH/Validation/Validation.php on line 314.
 1 SYSTEMPATH/Validation/Validation.php(314): CodeIgniter\Validation\Exceptions\ValidationException::forRuleNotFound()
 2 SYSTEMPATH/Validation/Validation.php(173): CodeIgniter\Validation\Validation->processRules()
 3 APPPATH/Controllers/Auth.php(16): CodeIgniter\Validation\Validation->run()
 4 SYSTEMPATH/CodeIgniter.php(898): App\Controllers\Auth->login()
 5 SYSTEMPATH/CodeIgniter.php(468): CodeIgniter\CodeIgniter->runController()
 6 SYSTEMPATH/CodeIgniter.php(351): CodeIgniter\CodeIgniter->handleRequest()
 7 FCPATH/index.php(55): CodeIgniter\CodeIgniter->run()
 8 SYSTEMPATH/Commands/Server/rewrite.php(43): require_once('FCPATH/index.php')
CRITICAL - 2022-06-12 23:13:52 --> valid_password is not a valid rule.
in SYSTEMPATH/Validation/Validation.php on line 314.
 1 SYSTEMPATH/Validation/Validation.php(314): CodeIgniter\Validation\Exceptions\ValidationException::forRuleNotFound()
 2 SYSTEMPATH/Validation/Validation.php(173): CodeIgniter\Validation\Validation->processRules()
 3 APPPATH/Controllers/Auth.php(16): CodeIgniter\Validation\Validation->run()
 4 SYSTEMPATH/CodeIgniter.php(898): App\Controllers\Auth->login()
 5 SYSTEMPATH/CodeIgniter.php(468): CodeIgniter\CodeIgniter->runController()
 6 SYSTEMPATH/CodeIgniter.php(351): CodeIgniter\CodeIgniter->handleRequest()
 7 FCPATH/index.php(55): CodeIgniter\CodeIgniter->run()
 8 SYSTEMPATH/Commands/Server/rewrite.php(43): require_once('FCPATH/index.php')
CRITICAL - 2022-06-12 23:15:37 --> valid_password is not a valid rule.
in SYSTEMPATH/Validation/Validation.php on line 314.
 1 SYSTEMPATH/Validation/Validation.php(314): CodeIgniter\Validation\Exceptions\ValidationException::forRuleNotFound()
 2 SYSTEMPATH/Validation/Validation.php(173): CodeIgniter\Validation\Validation->processRules()
 3 APPPATH/Controllers/Auth.php(16): CodeIgniter\Validation\Validation->run()
 4 SYSTEMPATH/CodeIgniter.php(898): App\Controllers\Auth->login()
 5 SYSTEMPATH/CodeIgniter.php(468): CodeIgniter\CodeIgniter->runController()
 6 SYSTEMPATH/CodeIgniter.php(351): CodeIgniter\CodeIgniter->handleRequest()
 7 FCPATH/index.php(55): CodeIgniter\CodeIgniter->run()
 8 SYSTEMPATH/Commands/Server/rewrite.php(43): require_once('FCPATH/index.php')
CRITICAL - 2022-06-12 23:48:38 --> valid_password is not a valid rule.
in SYSTEMPATH/Validation/Validation.php on line 314.
 1 SYSTEMPATH/Validation/Validation.php(314): CodeIgniter\Validation\Exceptions\ValidationException::forRuleNotFound()
 2 SYSTEMPATH/Validation/Validation.php(173): CodeIgniter\Validation\Validation->processRules()
 3 APPPATH/Controllers/Auth.php(16): CodeIgniter\Validation\Validation->run()
 4 SYSTEMPATH/CodeIgniter.php(898): App\Controllers\Auth->login()
 5 SYSTEMPATH/CodeIgniter.php(468): CodeIgniter\CodeIgniter->runController()
 6 SYSTEMPATH/CodeIgniter.php(351): CodeIgniter\CodeIgniter->handleRequest()
 7 FCPATH/index.php(55): CodeIgniter\CodeIgniter->run()
 8 SYSTEMPATH/Commands/Server/rewrite.php(43): require_once('FCPATH/index.php')
CRITICAL - 2022-06-12 23:48:38 --> valid_password is not a valid rule.
in SYSTEMPATH/Validation/Validation.php on line 314.
 1 SYSTEMPATH/Validation/Validation.php(314): CodeIgniter\Validation\Exceptions\ValidationException::forRuleNotFound()
 2 SYSTEMPATH/Validation/Validation.php(173): CodeIgniter\Validation\Validation->processRules()
 3 APPPATH/Controllers/Auth.php(16): CodeIgniter\Validation\Validation->run()
 4 SYSTEMPATH/CodeIgniter.php(898): App\Controllers\Auth->login()
 5 SYSTEMPATH/CodeIgniter.php(468): CodeIgniter\CodeIgniter->runController()
 6 SYSTEMPATH/CodeIgniter.php(351): CodeIgniter\CodeIgniter->handleRequest()
 7 FCPATH/index.php(55): CodeIgniter\CodeIgniter->run()
 8 SYSTEMPATH/Commands/Server/rewrite.php(43): require_once('FCPATH/index.php')
CRITICAL - 2022-06-12 23:48:39 --> valid_password is not a valid rule.
in SYSTEMPATH/Validation/Validation.php on line 314.
 1 SYSTEMPATH/Validation/Validation.php(314): CodeIgniter\Validation\Exceptions\ValidationException::forRuleNotFound()
 2 SYSTEMPATH/Validation/Validation.php(173): CodeIgniter\Validation\Validation->processRules()
 3 APPPATH/Controllers/Auth.php(16): CodeIgniter\Validation\Validation->run()
 4 SYSTEMPATH/CodeIgniter.php(898): App\Controllers\Auth->login()
 5 SYSTEMPATH/CodeIgniter.php(468): CodeIgniter\CodeIgniter->runController()
 6 SYSTEMPATH/CodeIgniter.php(351): CodeIgniter\CodeIgniter->handleRequest()
 7 FCPATH/index.php(55): CodeIgniter\CodeIgniter->run()
 8 SYSTEMPATH/Commands/Server/rewrite.php(43): require_once('FCPATH/index.php')
CRITICAL - 2022-06-12 23:48:39 --> valid_password is not a valid rule.
in SYSTEMPATH/Validation/Validation.php on line 314.
 1 SYSTEMPATH/Validation/Validation.php(314): CodeIgniter\Validation\Exceptions\ValidationException::forRuleNotFound()
 2 SYSTEMPATH/Validation/Validation.php(173): CodeIgniter\Validation\Validation->processRules()
 3 APPPATH/Controllers/Auth.php(16): CodeIgniter\Validation\Validation->run()
 4 SYSTEMPATH/CodeIgniter.php(898): App\Controllers\Auth->login()
 5 SYSTEMPATH/CodeIgniter.php(468): CodeIgniter\CodeIgniter->runController()
 6 SYSTEMPATH/CodeIgniter.php(351): CodeIgniter\CodeIgniter->handleRequest()
 7 FCPATH/index.php(55): CodeIgniter\CodeIgniter->run()
 8 SYSTEMPATH/Commands/Server/rewrite.php(43): require_once('FCPATH/index.php')
CRITICAL - 2022-06-12 23:49:10 --> valid_password is not a valid rule.
in SYSTEMPATH/Validation/Validation.php on line 314.
 1 SYSTEMPATH/Validation/Validation.php(314): CodeIgniter\Validation\Exceptions\ValidationException::forRuleNotFound()
 2 SYSTEMPATH/Validation/Validation.php(173): CodeIgniter\Validation\Validation->processRules()
 3 APPPATH/Controllers/Auth.php(16): CodeIgniter\Validation\Validation->run()
 4 SYSTEMPATH/CodeIgniter.php(898): App\Controllers\Auth->login()
 5 SYSTEMPATH/CodeIgniter.php(468): CodeIgniter\CodeIgniter->runController()
 6 SYSTEMPATH/CodeIgniter.php(351): CodeIgniter\CodeIgniter->handleRequest()
 7 FCPATH/index.php(55): CodeIgniter\CodeIgniter->run()
 8 SYSTEMPATH/Commands/Server/rewrite.php(43): require_once('FCPATH/index.php')
CRITICAL - 2022-06-12 23:54:10 --> valid_password is not a valid rule.
in SYSTEMPATH/Validation/Validation.php on line 314.
 1 SYSTEMPATH/Validation/Validation.php(314): CodeIgniter\Validation\Exceptions\ValidationException::forRuleNotFound()
 2 SYSTEMPATH/Validation/Validation.php(173): CodeIgniter\Validation\Validation->processRules()
 3 APPPATH/Controllers/Auth.php(16): CodeIgniter\Validation\Validation->run()
 4 SYSTEMPATH/CodeIgniter.php(898): App\Controllers\Auth->login()
 5 SYSTEMPATH/CodeIgniter.php(468): CodeIgniter\CodeIgniter->runController()
 6 SYSTEMPATH/CodeIgniter.php(351): CodeIgniter\CodeIgniter->handleRequest()
 7 FCPATH/index.php(55): CodeIgniter\CodeIgniter->run()
 8 SYSTEMPATH/Commands/Server/rewrite.php(43): require_once('FCPATH/index.php')
CRITICAL - 2022-06-12 23:54:12 --> valid_password is not a valid rule.
in SYSTEMPATH/Validation/Validation.php on line 314.
 1 SYSTEMPATH/Validation/Validation.php(314): CodeIgniter\Validation\Exceptions\ValidationException::forRuleNotFound()
 2 SYSTEMPATH/Validation/Validation.php(173): CodeIgniter\Validation\Validation->processRules()
 3 APPPATH/Controllers/Auth.php(16): CodeIgniter\Validation\Validation->run()
 4 SYSTEMPATH/CodeIgniter.php(898): App\Controllers\Auth->login()
 5 SYSTEMPATH/CodeIgniter.php(468): CodeIgniter\CodeIgniter->runController()
 6 SYSTEMPATH/CodeIgniter.php(351): CodeIgniter\CodeIgniter->handleRequest()
 7 FCPATH/index.php(55): CodeIgniter\CodeIgniter->run()
 8 SYSTEMPATH/Commands/Server/rewrite.php(43): require_once('FCPATH/index.php')
